SystemInfo:
-----------
OS: Windows 7, 6.1, amd64

JRE-Vendor: Oracle Corporation (http://java.oracle.com/)
JRE-Version: 1.8.0_20

GPU: GeForce GT 435M/PCIe/SSE2
Hersteller: NVIDIA Corporation
GL-Version: 4.5.0 NVIDIA 347.25
GLSL-Version: 4.50 NVIDIA
Mon Apr 20 11:03:56 CEST 2015 INFO:Use Java PNG Loader = true
klick auf: race
klick auf: savedTrack_0
..loading Track#0..
entry in 1, -3
entry in 1, -4
entry in 1, -4
entry in 1, -4
entry in 1, -4
entry in 1, -4
entry in 1, -4
entry in 1, -4
entry in 1, -4
entry in 1, -4
entry in 1, -4
entry in 1, -4
entry in 2, -2
entry in 1, -3
entry in 1, -3
entry in 1, -3
entry in 1, -3
entry in 1, -3
entry in 1, -3
entry in 1, -1
entry in 1, -2
entry in 1, -2
entry in 1, -1
entry in 1, -1
entry in 1, -1
entry in 1, -1
entry in 1, -1
klick auf: exit
klick auf: load
klick auf: back
klick auf: quitGame

ProcessInfo:
-----------
max.MemoryUsage: 124 MB
max.MemoryReserved: 174 MB
current Total Memory: 174 MB
currentFree Memory: 49 MB
-> currentUsed: 124 MB
availableCPUs: 8
